<?xml version="1.0" encoding="UTF-8"?>
<!-- Generated by org.testng.reporters.JUnitXMLReporter -->
<testsuite hostname="Lathavya-pc" name="Default test" tests="3" failures="0" timestamp="4 Feb 2019 13:27:29 GMT" time="35.567" errors="0">
  <testcase name="BasicFlow" time="0.053" classname="test.Filpkartflow"/>
  <testcase name="BasicFlow" time="0.006" classname="test.Filpkartflow"/>
  <testcase name="BasicFlow" time="0.005" classname="test.Filpkartflow"/>
</testsuite> <!-- Default test -->
