<?xml version="1.0" encoding="UTF-8"?>
<!-- Generated by org.testng.reporters.JUnitXMLReporter -->
<testsuite hostname="Lathavya-pc" name="Test" tests="1" failures="1" timestamp="1 Feb 2019 03:29:16 GMT" time="13.568" errors="0">
  <testcase name="@AfterMethod ReportsandCloseApp" time="0.0" classname="test.Filpkartflow">
    <failure type="java.lang.NullPointerException">
      <![CDATA[java.lang.NullPointerException
	at generic.BaseTest.ReportsandCloseApp(BaseTest.java:71)
... Removed 26 stack frames]]>
    </failure>
  </testcase> <!-- @AfterMethod ReportsandCloseApp -->
  <testcase name="BasicFlow" time="0.008" classname="test.Filpkartflow">
    <failure type="java.lang.NullPointerException">
      <![CDATA[java.lang.NullPointerException
	at test.Filpkartflow.BasicFlow(Filpkartflow.java:22)
... Removed 24 stack frames]]>
    </failure>
  </testcase> <!-- BasicFlow -->
</testsuite> <!-- Test -->
